# JRE version: OpenJDK Runtime Environment (21.0.5) (build 21.0.5+-12932927-b750.29)
# Java VM: OpenJDK 64-Bit Server VM (21.0.5+-12932927-b750.29, mixed mode, tiered, compressed oops, compressed class ptrs, g1 gc, windows-amd64)
GC Precious Log:
 CardTable entry size: 512
 Card Set container configuration: InlinePtr #cards 4 size 8 Array Of Cards #cards 16 size 48 Howl #buckets 8 coarsen threshold 3686 Howl Bitmap #cards 512 size 80 coarsen threshold 460 Card regions per heap region 1 cards per card region 4096
 CPUs: 12 total, 12 available
 Memory: 32605M
 Large Page Support: Disabled
 NUMA Support: Disabled
 Compressed Oops: Enabled (Zero based)
 Heap Region Size: 2M
 Heap Min Capacity: 8M
 Heap Initial Capacity: 510M
 Heap Max Capacity: 4G
 Pre-touch: Disabled
 Parallel Workers: 10
 Concurrent Workers: 3
 Concurrent Refinement Workers: 10
 Periodic GC: Disabled
Heap:
 garbage-first heap   total 100352K, used 78202K [0x0000000700000000, 0x0000000800000000)
  region size 2048K, 25 young (51200K), 3 survivors (6144K)
 Metaspace       used 50937K, committed 52288K, reserved 1114112K
  class space    used 6778K, committed 7424K, reserved 1048576K
GC Heap History (18 events):
Event: 0.263 GC heap before
{Heap before GC invocations=0 (full 0):
 garbage-first heap   total 522240K, used 22528K [0x0000000700000000, 0x0000000800000000)
  region size 2048K, 12 young (24576K), 0 survivors (0K)
 Metaspace       used 7993K, committed 8128K, reserved 1114112K
  class space    used 709K, committed 768K, reserved 1048576K
}
Event: 0.266 GC heap after
{Heap after GC invocations=1 (full 0):
 garbage-first heap   total 522240K, used 4681K [0x0000000700000000, 0x0000000800000000)
  region size 2048K, 2 young (4096K), 2 survivors (4096K)
 Metaspace       used 7993K, committed 8128K, reserved 1114112K
  class space    used 709K, committed 768K, reserved 1048576K
}
Event: 1.380 GC heap before
{Heap before GC invocations=1 (full 0):
 garbage-first heap   total 522240K, used 47689K [0x0000000700000000, 0x0000000800000000)
  region size 2048K, 21 young (43008K), 2 survivors (4096K)
 Metaspace       used 12139K, committed 12352K, reserved 1114112K
  class space    used 1276K, committed 1408K, reserved 1048576K
}
Event: 1.382 GC heap after
{Heap after GC invocations=2 (full 0):
 garbage-first heap   total 522240K, used 11912K [0x0000000700000000, 0x0000000800000000)
  region size 2048K, 2 young (4096K), 2 survivors (4096K)
 Metaspace       used 12139K, committed 12352K, reserved 1114112K
  class space    used 1276K, committed 1408K, reserved 1048576K
}
Event: 6.781 GC heap before
{Heap before GC invocations=2 (full 0):
 garbage-first heap   total 522240K, used 61064K [0x0000000700000000, 0x0000000800000000)
  region size 2048K, 27 young (55296K), 2 survivors (4096K)
 Metaspace       used 17879K, committed 18240K, reserved 1114112K
  class space    used 2034K, committed 2176K, reserved 1048576K
}
Event: 6.784 GC heap after
{Heap after GC invocations=3 (full 0):
 garbage-first heap   total 522240K, used 18608K [0x0000000700000000, 0x0000000800000000)
  region size 2048K, 4 young (8192K), 4 survivors (8192K)
 Metaspace       used 17879K, committed 18240K, reserved 1114112K
  class space    used 2034K, committed 2176K, reserved 1048576K
}
Event: 6.984 GC heap before
{Heap before GC invocations=3 (full 0):
 garbage-first heap   total 522240K, used 37040K [0x0000000700000000, 0x0000000800000000)
  region size 2048K, 14 young (28672K), 4 survivors (8192K)
 Metaspace       used 21138K, committed 21504K, reserved 1114112K
  class space    used 2427K, committed 2624K, reserved 1048576K
}
Event: 6.986 GC heap after
{Heap after GC invocations=4 (full 0):
 garbage-first heap   total 522240K, used 20882K [0x0000000700000000, 0x0000000800000000)
  region size 2048K, 6 young (12288K), 6 survivors (12288K)
 Metaspace       used 21138K, committed 21504K, reserved 1114112K
  class space    used 2427K, committed 2624K, reserved 1048576K
}
Event: 7.622 GC heap before
{Heap before GC invocations=5 (full 0):
 garbage-first heap   total 81920K, used 76178K [0x0000000700000000, 0x0000000800000000)
  region size 2048K, 34 young (69632K), 6 survivors (12288K)
 Metaspace       used 29637K, committed 30272K, reserved 1114112K
  class space    used 3769K, committed 4096K, reserved 1048576K
}
Event: 7.626 GC heap after
{Heap after GC invocations=6 (full 0):
 garbage-first heap   total 96256K, used 24187K [0x0000000700000000, 0x0000000800000000)
  region size 2048K, 7 young (14336K), 7 survivors (14336K)
 Metaspace       used 29637K, committed 30272K, reserved 1114112K
  class space    used 3769K, committed 4096K, reserved 1048576K
}
Event: 8.101 GC heap before
{Heap before GC invocations=6 (full 0):
 garbage-first heap   total 96256K, used 65147K [0x0000000700000000, 0x0000000800000000)
  region size 2048K, 28 young (57344K), 7 survivors (14336K)
 Metaspace       used 34995K, committed 35840K, reserved 1114112K
  class space    used 4653K, committed 5056K, reserved 1048576K
}
Event: 8.105 GC heap after
{Heap after GC invocations=7 (full 0):
 garbage-first heap   total 96256K, used 26424K [0x0000000700000000, 0x0000000800000000)
  region size 2048K, 4 young (8192K), 4 survivors (8192K)
 Metaspace       used 34995K, committed 35840K, reserved 1114112K
  class space    used 4653K, committed 5056K, reserved 1048576K
}
Event: 8.126 GC heap before
{Heap before GC invocations=7 (full 0):
 garbage-first heap   total 96256K, used 28472K [0x0000000700000000, 0x0000000800000000)
  region size 2048K, 6 young (12288K), 4 survivors (8192K)
 Metaspace       used 35235K, committed 36096K, reserved 1114112K
  class space    used 4691K, committed 5120K, reserved 1048576K
}
Event: 8.128 GC heap after
{Heap after GC invocations=8 (full 0):
 garbage-first heap   total 96256K, used 26452K [0x0000000700000000, 0x0000000800000000)
  region size 2048K, 2 young (4096K), 2 survivors (4096K)
 Metaspace       used 35235K, committed 36096K, reserved 1114112K
  class space    used 4691K, committed 5120K, reserved 1048576K
}
Event: 8.630 GC heap before
{Heap before GC invocations=9 (full 0):
 garbage-first heap   total 96256K, used 77652K [0x0000000700000000, 0x0000000800000000)
  region size 2048K, 28 young (57344K), 2 survivors (4096K)
 Metaspace       used 44826K, committed 46080K, reserved 1114112K
  class space    used 5940K, committed 6592K, reserved 1048576K
}
Event: 8.633 GC heap after
{Heap after GC invocations=10 (full 0):
 garbage-first heap   total 96256K, used 31370K [0x0000000700000000, 0x0000000800000000)
  region size 2048K, 4 young (8192K), 4 survivors (8192K)
 Metaspace       used 44826K, committed 46080K, reserved 1114112K
  class space    used 5940K, committed 6592K, reserved 1048576K
}
Event: 9.009 GC heap before
{Heap before GC invocations=10 (full 0):
 garbage-first heap   total 96256K, used 82570K [0x0000000700000000, 0x0000000800000000)
  region size 2048K, 28 young (57344K), 4 survivors (8192K)
 Metaspace       used 49007K, committed 50240K, reserved 1114112K
  class space    used 6465K, committed 7104K, reserved 1048576K
}
Event: 9.013 GC heap after
{Heap after GC invocations=11 (full 0):
 garbage-first heap   total 100352K, used 35194K [0x0000000700000000, 0x0000000800000000)
  region size 2048K, 3 young (6144K), 3 survivors (6144K)
 Metaspace       used 49007K, committed 50240K, reserved 1114112K
  class space    used 6465K, committed 7104K, reserved 1048576K
}

